26-Apr-26 22:05:22 - root - INFO - ****invalid-admin-test-started****
26-Apr-26 22:05:24 - root - INFO - ****invalid-admin-test-passed-successfully****
26-Apr-26 22:05:39 - root - INFO - ****valid-admin-test-started****
26-Apr-26 22:05:44 - root - INFO - ****valid-admin-test-passed-successfully****
26-Apr-26 22:06:05 - root - INFO - ****title-verification-started****
26-Apr-26 22:06:05 - root - INFO - ****title_verified-successfully****
26-Apr-26 22:06:07 - root - INFO - ****title-verification-started****
26-Apr-26 22:06:07 - root - INFO - ****title_verified-successfully****
26-Apr-26 22:06:35 - root - INFO - ****title-verification-started****
26-Apr-26 22:06:35 - root - INFO - ****title_verified-successfully****
26-Apr-26 22:08:17 - root - INFO - ****title-verification-started****
26-Apr-26 22:08:17 - root - ERROR - ****title_verified-failed****
26-Apr-26 22:08:19 - root - INFO - ****title-verification-started****
26-Apr-26 22:08:19 - root - ERROR - ****title_verified-failed****
26-Apr-26 22:08:24 - root - INFO - ****title-verification-started****
26-Apr-26 22:08:24 - root - ERROR - ****title_verified-failed****
27-Apr-26 19:21:46 - root - INFO - ****invalid-admin-test-started****
27-Apr-26 19:21:47 - root - INFO - ****invalid-admin-test-passed-successfully****
27-Apr-26 19:21:49 - root - INFO - ****valid-admin-test-started****
27-Apr-26 19:21:50 - root - INFO - ****valid-admin-test-passed-successfully****
27-Apr-26 19:21:52 - root - INFO - ****title-verification-started****
27-Apr-26 19:21:52 - root - INFO - ****title_verified-successfully****
27-Apr-26 19:21:54 - root - INFO - ****title-verification-started****
27-Apr-26 19:21:54 - root - INFO - ****title_verified-successfully****
27-Apr-26 19:21:56 - root - INFO - ****title-verification-started****
27-Apr-26 19:21:56 - root - INFO - ****title_verified-successfully****
27-Apr-26 19:24:47 - root - INFO - ****invalid-admin-test-started****
27-Apr-26 19:24:48 - root - INFO - ****invalid-admin-test-passed-successfully****
27-Apr-26 19:24:50 - root - INFO - ****valid-admin-test-started****
27-Apr-26 19:24:51 - root - INFO - ****valid-admin-test-passed-successfully****
27-Apr-26 19:24:53 - root - INFO - ****title-verification-started****
27-Apr-26 19:24:53 - root - INFO - ****title_verified-successfully****
27-Apr-26 19:24:55 - root - INFO - ****title-verification-started****
27-Apr-26 19:24:55 - root - INFO - ****title_verified-successfully****
27-Apr-26 19:24:57 - root - INFO - ****title-verification-started****
27-Apr-26 19:24:57 - root - INFO - ****title_verified-successfully****
27-Apr-26 19:29:52 - root - INFO - ****invalid-admin-test-started****
27-Apr-26 19:29:53 - root - INFO - ****invalid-admin-test-passed-successfully****
27-Apr-26 19:29:56 - root - INFO - ****valid-admin-test-started****
27-Apr-26 19:29:57 - root - INFO - ****valid-admin-test-passed-successfully****
27-Apr-26 19:29:59 - root - INFO - ****title-verification-started****
27-Apr-26 19:29:59 - root - INFO - ****title_verified-successfully****
27-Apr-26 19:30:01 - root - INFO - ****title-verification-started****
27-Apr-26 19:30:01 - root - INFO - ****title_verified-successfully****
27-Apr-26 19:30:03 - root - INFO - ****title-verification-started****
27-Apr-26 19:30:03 - root - INFO - ****title_verified-successfully****
27-Apr-26 19:30:24 - root - INFO - ****invalid-admin-test-started****
27-Apr-26 19:30:25 - root - INFO - ****invalid-admin-test-passed-successfully****
27-Apr-26 19:30:27 - root - INFO - ****valid-admin-test-started****
27-Apr-26 19:30:29 - root - INFO - ****valid-admin-test-passed-successfully****
27-Apr-26 19:30:31 - root - INFO - ****title-verification-started****
27-Apr-26 19:30:31 - root - INFO - ****title_verified-successfully****
27-Apr-26 19:30:32 - root - INFO - ****title-verification-started****
27-Apr-26 19:30:32 - root - INFO - ****title_verified-successfully****
27-Apr-26 19:30:34 - root - INFO - ****title-verification-started****
27-Apr-26 19:30:34 - root - INFO - ****title_verified-successfully****
27-Apr-26 19:31:16 - root - INFO - ****invalid-admin-test-started****
27-Apr-26 19:31:17 - root - INFO - ****invalid-admin-test-passed-successfully****
27-Apr-26 19:31:19 - root - INFO - ****valid-admin-test-started****
27-Apr-26 19:31:21 - root - INFO - ****valid-admin-test-passed-successfully****
27-Apr-26 19:31:22 - root - INFO - ****title-verification-started****
27-Apr-26 19:31:22 - root - INFO - ****title_verified-successfully****
27-Apr-26 19:31:24 - root - INFO - ****title-verification-started****
27-Apr-26 19:31:24 - root - INFO - ****title_verified-successfully****
27-Apr-26 19:31:26 - root - INFO - ****title-verification-started****
27-Apr-26 19:31:26 - root - INFO - ****title_verified-successfully****
27-Apr-26 19:37:02 - root - INFO - ****invalid-admin-test-started****
27-Apr-26 19:37:03 - root - INFO - ****valid-admin-test-started****
27-Apr-26 19:37:03 - root - INFO - ****invalid-admin-test-passed-successfully****
27-Apr-26 19:37:04 - root - INFO - ****valid-admin-test-passed-successfully****
27-Apr-26 19:38:15 - root - INFO - ****valid-admin-test-started****
27-Apr-26 19:38:15 - root - INFO - ****invalid-admin-test-started****
27-Apr-26 19:38:15 - root - INFO - ****title-verification-started****
27-Apr-26 19:38:15 - root - INFO - ****title_verified-successfully****
27-Apr-26 19:38:17 - root - INFO - ****invalid-admin-test-passed-successfully****
27-Apr-26 19:38:17 - root - INFO - ****valid-admin-test-passed-successfully****
22-Jun-26 17:44:03 - root - INFO - ****valid-admin-test-started****
22-Jun-26 17:44:04 - root - INFO - ****valid-admin-test-passed-successfully****
22-Jun-26 17:44:06 - root - INFO - ****invalid-admin-test-started****
22-Jun-26 17:44:07 - root - INFO - ****invalid-admin-test-passed-successfully****
22-Jun-26 17:47:42 - root - INFO - ****title-verification-started****
22-Jun-26 17:47:42 - root - INFO - ****title_verified-successfully****
23-Jun-26 17:10:06 - root - INFO - ****valid-admin-test-started****
23-Jun-26 17:10:18 - root - INFO - ****invalid-admin-test-started****
23-Jun-26 17:10:20 - root - INFO - ****invalid-admin-test-passed-successfully****
23-Jun-26 17:14:59 - root - INFO - ****title-verification-started****
23-Jun-26 17:14:59 - root - INFO - ****title_verified-successfully****
23-Jun-26 17:15:01 - root - INFO - ****valid-admin-test-started****
23-Jun-26 17:15:03 - root - INFO - ****valid-admin-test-passed-successfully****
23-Jun-26 17:15:05 - root - INFO - ****invalid-admin-test-started****
23-Jun-26 17:15:06 - root - INFO - ****invalid-admin-test-passed-successfully****
29-Jun-26 14:42:08 - root - INFO - ****title-verification-started****
29-Jun-26 14:42:08 - root - ERROR - ****title_verified-failed****
29-Jun-26 14:42:10 - root - INFO - ****valid-admin-test-started****
29-Jun-26 14:42:12 - root - INFO - ****valid-admin-test-passed-successfully****
29-Jun-26 14:42:14 - root - INFO - ****invalid-admin-test-started****
29-Jun-26 14:42:15 - root - INFO - ****invalid-admin-test-passed-successfully****
06-Jul-26 12:29:16 - root - INFO - ****title-verification-started****
06-Jul-26 12:29:16 - root - INFO - ****title_verified-successfully****
06-Jul-26 12:29:18 - root - INFO - ****valid-admin-test-started****
06-Jul-26 12:29:21 - root - INFO - ****valid-admin-test-passed-successfully****
06-Jul-26 12:29:24 - root - INFO - ****invalid-admin-test-started****
12-Jul-26 17:45:06 - root - INFO - ****title-verification-started****
12-Jul-26 17:45:06 - root - INFO - ****title_verified-successfully****
12-Jul-26 17:45:08 - root - INFO - ****valid-admin-test-started****
12-Jul-26 17:45:10 - root - INFO - ****valid-admin-test-passed-successfully****
12-Jul-26 17:45:12 - root - INFO - ****invalid-admin-test-started****
12-Jul-26 17:45:13 - root - INFO - ****invalid-admin-test-passed-successfully****
13-Jul-26 20:04:41 - root - INFO - ****title-verification-started****
13-Jul-26 20:04:41 - root - INFO - ****title_verified-successfully****
13-Jul-26 20:04:44 - root - INFO - ****valid-admin-test-started****
13-Jul-26 20:04:46 - root - INFO - ****valid-admin-test-passed-successfully****
13-Jul-26 20:04:49 - root - INFO - ****invalid-admin-test-started****
13-Jul-26 20:04:51 - root - INFO - ****invalid-admin-test-passed-successfully****
20-Jul-26 18:36:13 - root - INFO - ****title-verification-started****
20-Jul-26 18:36:13 - root - INFO - ****title_verified-successfully****
20-Jul-26 18:36:17 - root - INFO - ****valid-admin-test-started****
20-Jul-26 18:36:18 - root - INFO - ****valid-admin-test-passed-successfully****
20-Jul-26 18:36:22 - root - INFO - ****invalid-admin-test-started****
20-Jul-26 18:36:23 - root - INFO - ****invalid-admin-test-passed-successfully****
